<?xml version="1.0" encoding="UTF-8"?>
<testng-results skipped="0" failed="0" total="1" passed="1">
  <reporter-output>
  </reporter-output>
  <suite name="Default suite" duration-ms="5184" started-at="2016-09-28T00:35:23Z" finished-at="2016-09-28T00:35:29Z">
    <groups>
    </groups>
    <test name="Default test" duration-ms="5184" started-at="2016-09-28T00:35:23Z" finished-at="2016-09-28T00:35:29Z">
      <class name="MavenizedTestNGFramewok.SimpleSearchExample">
        <test-method status="PASS" signature="initDriver()[pri:0, instance:MavenizedTestNGFramewok.SimpleSearchExample@46d56d67]" name="initDriver" is-config="true" duration-ms="5331" started-at="2016-09-27T19:35:18Z" finished-at="2016-09-27T19:35:23Z">
          <reporter-output>
          </reporter-output>
        </test-method> <!-- initDriver -->
        <test-method status="PASS" signature="SearchInGoogle()[pri:0, instance:MavenizedTestNGFramewok.SimpleSearchExample@46d56d67]" name="SearchInGoogle" duration-ms="5168" started-at="2016-09-27T19:35:23Z" finished-at="2016-09-27T19:35:29Z">
          <reporter-output>
          </reporter-output>
        </test-method> <!-- SearchInGoogle -->
        <test-method status="PASS" signature="quitDriver()[pri:0, instance:MavenizedTestNGFramewok.SimpleSearchExample@46d56d67]" name="quitDriver" is-config="true" duration-ms="488" started-at="2016-09-27T19:35:29Z" finished-at="2016-09-27T19:35:29Z">
          <reporter-output>
          </reporter-output>
        </test-method> <!-- quitDriver -->
      </class> <!-- MavenizedTestNGFramewok.SimpleSearchExample -->
    </test> <!-- Default test -->
  </suite> <!-- Default suite -->
</testng-results>
